# JRE version: OpenJDK Runtime Environment (8.0_242-b01) (build 1.8.0_242-release-1644-b01)
# Java VM: OpenJDK 64-Bit Server VM (25.242-b01 mixed mode windows-amd64 compressed oops)
Heap:
 PSYoungGen      total 265728K, used 160210K [0x00000000d5580000, 0x00000000eac00000, 0x0000000100000000)
  eden space 242688K, 60% used [0x00000000d5580000,0x00000000de5106a8,0x00000000e4280000)
  from space 23040K, 57% used [0x00000000e4280000,0x00000000e4f644c8,0x00000000e5900000)
  to   space 23040K, 0% used [0x00000000e9580000,0x00000000e9580000,0x00000000eac00000)
 ParOldGen       total 107008K, used 46569K [0x0000000080000000, 0x0000000086880000, 0x00000000d5580000)
  object space 107008K, 43% used [0x0000000080000000,0x0000000082d7a480,0x0000000086880000)
 Metaspace       used 73817K, capacity 77482K, committed 77592K, reserved 1118208K
  class space    used 10028K, capacity 10696K, committed 10792K, reserved 1048576K
GC Heap History (10 events):
Event: 9.177 GC heap before
{Heap before GC invocations=12 (full 2):
 PSYoungGen      total 140288K, used 129024K [0x00000000d5580000, 0x00000000e2a80000, 0x0000000100000000)
  eden space 129024K, 100% used [0x00000000d5580000,0x00000000dd380000,0x00000000dd380000)
  from space 11264K, 0% used [0x00000000dd380000,0x00000000dd380000,0x00000000dde80000)
  to   space 12800K, 0% used [0x00000000e1e00000,0x00000000e1e00000,0x00000000e2a80000)
 ParOldGen       total 68096K, used 17185K [0x0000000080000000, 0x0000000084280000, 0x00000000d5580000)
  object space 68096K, 25% used [0x0000000080000000,0x00000000810c85d8,0x0000000084280000)
 Metaspace       used 40730K, capacity 42536K, committed 42664K, reserved 1085440K
  class space    used 5595K, capacity 5962K, committed 6056K, reserved 1048576K
Event: 9.189 GC heap after
Heap after GC invocations=12 (full 2):
 PSYoungGen      total 190976K, used 10500K [0x00000000d5580000, 0x00000000e2880000, 0x0000000100000000)
  eden space 180224K, 0% used [0x00000000d5580000,0x00000000d5580000,0x00000000e0580000)
  from space 10752K, 97% used [0x00000000e1e00000,0x00000000e28413d8,0x00000000e2880000)
  to   space 13824K, 0% used [0x00000000e0d80000,0x00000000e0d80000,0x00000000e1b00000)
 ParOldGen       total 68096K, used 17193K [0x0000000080000000, 0x0000000084280000, 0x00000000d5580000)
  object space 68096K, 25% used [0x0000000080000000,0x00000000810ca5d8,0x0000000084280000)
 Metaspace       used 40730K, capacity 42536K, committed 42664K, reserved 1085440K
  class space    used 5595K, capacity 5962K, committed 6056K, reserved 1048576K
}
Event: 13.126 GC heap before
{Heap before GC invocations=13 (full 2):
 PSYoungGen      total 190976K, used 189473K [0x00000000d5580000, 0x00000000e2880000, 0x0000000100000000)
  eden space 180224K, 99% used [0x00000000d5580000,0x00000000e04473b0,0x00000000e0580000)
  from space 10752K, 97% used [0x00000000e1e00000,0x00000000e28413d8,0x00000000e2880000)
  to   space 13824K, 0% used [0x00000000e0d80000,0x00000000e0d80000,0x00000000e1b00000)
 ParOldGen       total 68096K, used 17193K [0x0000000080000000, 0x0000000084280000, 0x00000000d5580000)
  object space 68096K, 25% used [0x0000000080000000,0x00000000810ca5d8,0x0000000084280000)
 Metaspace       used 56499K, capacity 58962K, committed 59160K, reserved 1099776K
  class space    used 7737K, capacity 8224K, committed 8232K, reserved 1048576K
Event: 13.158 GC heap after
Heap after GC invocations=13 (full 2):
 PSYoungGen      total 202240K, used 13800K [0x00000000d5580000, 0x00000000e6d00000, 0x0000000100000000)
  eden space 188416K, 0% used [0x00000000d5580000,0x00000000d5580000,0x00000000e0d80000)
  from space 13824K, 99% used [0x00000000e0d80000,0x00000000e1afa378,0x00000000e1b00000)
  to   space 20480K, 0% used [0x00000000e5900000,0x00000000e5900000,0x00000000e6d00000)
 ParOldGen       total 68096K, used 30130K [0x0000000080000000, 0x0000000084280000, 0x00000000d5580000)
  object space 68096K, 44% used [0x0000000080000000,0x0000000081d6ca60,0x0000000084280000)
 Metaspace       used 56499K, capacity 58962K, committed 59160K, reserved 1099776K
  class space    used 7737K, capacity 8224K, committed 8232K, reserved 1048576K
}
Event: 13.158 GC heap before
{Heap before GC invocations=14 (full 3):
 PSYoungGen      total 202240K, used 13800K [0x00000000d5580000, 0x00000000e6d00000, 0x0000000100000000)
  eden space 188416K, 0% used [0x00000000d5580000,0x00000000d5580000,0x00000000e0d80000)
  from space 13824K, 99% used [0x00000000e0d80000,0x00000000e1afa378,0x00000000e1b00000)
  to   space 20480K, 0% used [0x00000000e5900000,0x00000000e5900000,0x00000000e6d00000)
 ParOldGen       total 68096K, used 30130K [0x0000000080000000, 0x0000000084280000, 0x00000000d5580000)
  object space 68096K, 44% used [0x0000000080000000,0x0000000081d6ca60,0x0000000084280000)
 Metaspace       used 56499K, capacity 58962K, committed 59160K, reserved 1099776K
  class space    used 7737K, capacity 8224K, committed 8232K, reserved 1048576K
Event: 13.499 GC heap after
Heap after GC invocations=14 (full 3):
 PSYoungGen      total 202240K, used 0K [0x00000000d5580000, 0x00000000e6d00000, 0x0000000100000000)
  eden space 188416K, 0% used [0x00000000d5580000,0x00000000d5580000,0x00000000e0d80000)
  from space 13824K, 0% used [0x00000000e0d80000,0x00000000e0d80000,0x00000000e1b00000)
  to   space 20480K, 0% used [0x00000000e5900000,0x00000000e5900000,0x00000000e6d00000)
 ParOldGen       total 107008K, used 38373K [0x0000000080000000, 0x0000000086880000, 0x00000000d5580000)
  object space 107008K, 35% used [0x0000000080000000,0x00000000825794b8,0x0000000086880000)
 Metaspace       used 56450K, capacity 58794K, committed 59160K, reserved 1099776K
  class space    used 7722K, capacity 8196K, committed 8232K, reserved 1048576K
}
Event: 17.677 GC heap before
{Heap before GC invocations=15 (full 3):
 PSYoungGen      total 202240K, used 188416K [0x00000000d5580000, 0x00000000e6d00000, 0x0000000100000000)
  eden space 188416K, 100% used [0x00000000d5580000,0x00000000e0d80000,0x00000000e0d80000)
  from space 13824K, 0% used [0x00000000e0d80000,0x00000000e0d80000,0x00000000e1b00000)
  to   space 20480K, 0% used [0x00000000e5900000,0x00000000e5900000,0x00000000e6d00000)
 ParOldGen       total 107008K, used 38373K [0x0000000080000000, 0x0000000086880000, 0x00000000d5580000)
  object space 107008K, 35% used [0x0000000080000000,0x00000000825794b8,0x0000000086880000)
 Metaspace       used 64453K, capacity 67508K, committed 67608K, reserved 1107968K
  class space    used 8910K, capacity 9487K, committed 9512K, reserved 1048576K
Event: 17.701 GC heap after
Heap after GC invocations=15 (full 3):
 PSYoungGen      total 263168K, used 20253K [0x00000000d5580000, 0x00000000e7000000, 0x0000000100000000)
  eden space 242688K, 0% used [0x00000000d5580000,0x00000000d5580000,0x00000000e4280000)
  from space 20480K, 98% used [0x00000000e5900000,0x00000000e6cc7790,0x00000000e6d00000)
  to   space 23040K, 0% used [0x00000000e4280000,0x00000000e4280000,0x00000000e5900000)
 ParOldGen       total 107008K, used 38381K [0x0000000080000000, 0x0000000086880000, 0x00000000d5580000)
  object space 107008K, 35% used [0x0000000080000000,0x000000008257b4b8,0x0000000086880000)
 Metaspace       used 64453K, capacity 67508K, committed 67608K, reserved 1107968K
  class space    used 8910K, capacity 9487K, committed 9512K, reserved 1048576K
}
Event: 22.260 GC heap before
{Heap before GC invocations=16 (full 3):
 PSYoungGen      total 263168K, used 262941K [0x00000000d5580000, 0x00000000e7000000, 0x0000000100000000)
  eden space 242688K, 100% used [0x00000000d5580000,0x00000000e4280000,0x00000000e4280000)
  from space 20480K, 98% used [0x00000000e5900000,0x00000000e6cc7790,0x00000000e6d00000)
  to   space 23040K, 0% used [0x00000000e4280000,0x00000000e4280000,0x00000000e5900000)
 ParOldGen       total 107008K, used 38381K [0x0000000080000000, 0x0000000086880000, 0x00000000d5580000)
  object space 107008K, 35% used [0x0000000080000000,0x000000008257b4b8,0x0000000086880000)
 Metaspace       used 71502K, capacity 74918K, committed 75160K, reserved 1114112K
  class space    used 9687K, capacity 10322K, committed 10408K, reserved 1048576K
Event: 22.289 GC heap after
Heap after GC invocations=16 (full 3):
 PSYoungGen      total 265728K, used 13201K [0x00000000d5580000, 0x00000000eac00000, 0x0000000100000000)
  eden space 242688K, 0% used [0x00000000d5580000,0x00000000d5580000,0x00000000e4280000)
  from space 23040K, 57% used [0x00000000e4280000,0x00000000e4f644c8,0x00000000e5900000)
  to   space 23040K, 0% used [0x00000000e9580000,0x00000000e9580000,0x00000000eac00000)
 ParOldGen       total 107008K, used 46569K [0x0000000080000000, 0x0000000086880000, 0x00000000d5580000)
  object space 107008K, 43% used [0x0000000080000000,0x0000000082d7a480,0x0000000086880000)
 Metaspace       used 71502K, capacity 74918K, committed 75160K, reserved 1114112K
  class space    used 9687K, capacity 10322K, committed 10408K, reserved 1048576K
}

