# JRE version: OpenJDK Runtime Environment (8.0_242-b01) (build 1.8.0_242-release-1644-b01)
# Java VM: OpenJDK 64-Bit Server VM (25.242-b01 mixed mode windows-amd64 compressed oops)
Heap:
 PSYoungGen      total 315904K, used 57653K [0x00000000d5580000, 0x00000000ea980000, 0x0000000100000000)
  eden space 294400K, 13% used [0x00000000d5580000,0x00000000d7c5ac30,0x00000000e7500000)
  from space 21504K, 83% used [0x00000000e8b80000,0x00000000e9cf28f0,0x00000000ea080000)
  to   space 23040K, 84% used [0x00000000e7500000,0x00000000e87ee040,0x00000000e8b80000)
 ParOldGen       total 107520K, used 46664K [0x0000000080000000, 0x0000000086900000, 0x00000000d5580000)
  object space 107520K, 43% used [0x0000000080000000,0x0000000082d921d8,0x0000000086900000)
 Metaspace       used 75418K, capacity 79416K, committed 79528K, reserved 1118208K
  class space    used 10201K, capacity 10907K, committed 10928K, reserved 1048576K
GC Heap History (10 events):
Event: 16.118 GC heap after
Heap after GC invocations=13 (full 2):
 PSYoungGen      total 196608K, used 13799K [0x00000000d5580000, 0x00000000e7300000, 0x0000000100000000)
  eden space 182784K, 0% used [0x00000000d5580000,0x00000000d5580000,0x00000000e0800000)
  from space 13824K, 99% used [0x00000000e0800000,0x00000000e1579d18,0x00000000e1580000)
  to   space 20480K, 0% used [0x00000000e5f00000,0x00000000e5f00000,0x00000000e7300000)
 ParOldGen       total 68608K, used 30455K [0x0000000080000000, 0x0000000084300000, 0x00000000d5580000)
  object space 68608K, 44% used [0x0000000080000000,0x0000000081dbde40,0x0000000084300000)
 Metaspace       used 56635K, capacity 59022K, committed 59160K, reserved 1099776K
  class space    used 7758K, capacity 8286K, committed 8368K, reserved 1048576K
}
Event: 16.118 GC heap before
{Heap before GC invocations=14 (full 3):
 PSYoungGen      total 196608K, used 13799K [0x00000000d5580000, 0x00000000e7300000, 0x0000000100000000)
  eden space 182784K, 0% used [0x00000000d5580000,0x00000000d5580000,0x00000000e0800000)
  from space 13824K, 99% used [0x00000000e0800000,0x00000000e1579d18,0x00000000e1580000)
  to   space 20480K, 0% used [0x00000000e5f00000,0x00000000e5f00000,0x00000000e7300000)
 ParOldGen       total 68608K, used 30455K [0x0000000080000000, 0x0000000084300000, 0x00000000d5580000)
  object space 68608K, 44% used [0x0000000080000000,0x0000000081dbde40,0x0000000084300000)
 Metaspace       used 56635K, capacity 59022K, committed 59160K, reserved 1099776K
  class space    used 7758K, capacity 8286K, committed 8368K, reserved 1048576K
Event: 16.490 GC heap after
Heap after GC invocations=14 (full 3):
 PSYoungGen      total 196608K, used 0K [0x00000000d5580000, 0x00000000e7300000, 0x0000000100000000)
  eden space 182784K, 0% used [0x00000000d5580000,0x00000000d5580000,0x00000000e0800000)
  from space 13824K, 0% used [0x00000000e0800000,0x00000000e0800000,0x00000000e1580000)
  to   space 20480K, 0% used [0x00000000e5f00000,0x00000000e5f00000,0x00000000e7300000)
 ParOldGen       total 107520K, used 38659K [0x0000000080000000, 0x0000000086900000, 0x00000000d5580000)
  object space 107520K, 35% used [0x0000000080000000,0x00000000825c0ec8,0x0000000086900000)
 Metaspace       used 56586K, capacity 58854K, committed 59160K, reserved 1099776K
  class space    used 7742K, capacity 8258K, committed 8368K, reserved 1048576K
}
Event: 21.311 GC heap before
{Heap before GC invocations=15 (full 3):
 PSYoungGen      total 196608K, used 182784K [0x00000000d5580000, 0x00000000e7300000, 0x0000000100000000)
  eden space 182784K, 100% used [0x00000000d5580000,0x00000000e0800000,0x00000000e0800000)
  from space 13824K, 0% used [0x00000000e0800000,0x00000000e0800000,0x00000000e1580000)
  to   space 20480K, 0% used [0x00000000e5f00000,0x00000000e5f00000,0x00000000e7300000)
 ParOldGen       total 107520K, used 38659K [0x0000000080000000, 0x0000000086900000, 0x00000000d5580000)
  object space 107520K, 35% used [0x0000000080000000,0x00000000825c0ec8,0x0000000086900000)
 Metaspace       used 64909K, capacity 68324K, committed 68520K, reserved 1107968K
  class space    used 8987K, capacity 9603K, committed 9648K, reserved 1048576K
Event: 21.337 GC heap after
Heap after GC invocations=15 (full 3):
 PSYoungGen      total 254464K, used 18127K [0x00000000d5580000, 0x00000000e7100000, 0x0000000100000000)
  eden space 236032K, 0% used [0x00000000d5580000,0x00000000d5580000,0x00000000e3c00000)
  from space 18432K, 98% used [0x00000000e5f00000,0x00000000e70b3cb0,0x00000000e7100000)
  to   space 22528K, 0% used [0x00000000e4500000,0x00000000e4500000,0x00000000e5b00000)
 ParOldGen       total 107520K, used 38667K [0x0000000080000000, 0x0000000086900000, 0x00000000d5580000)
  object space 107520K, 35% used [0x0000000080000000,0x00000000825c2ec8,0x0000000086900000)
 Metaspace       used 64909K, capacity 68324K, committed 68520K, reserved 1107968K
  class space    used 8987K, capacity 9603K, committed 9648K, reserved 1048576K
}
Event: 26.856 GC heap before
{Heap before GC invocations=16 (full 3):
 PSYoungGen      total 254464K, used 254159K [0x00000000d5580000, 0x00000000e7100000, 0x0000000100000000)
  eden space 236032K, 100% used [0x00000000d5580000,0x00000000e3c00000,0x00000000e3c00000)
  from space 18432K, 98% used [0x00000000e5f00000,0x00000000e70b3cb0,0x00000000e7100000)
  to   space 22528K, 0% used [0x00000000e4500000,0x00000000e4500000,0x00000000e5b00000)
 ParOldGen       total 107520K, used 38667K [0x0000000080000000, 0x0000000086900000, 0x00000000d5580000)
  object space 107520K, 35% used [0x0000000080000000,0x00000000825c2ec8,0x0000000086900000)
 Metaspace       used 71825K, capacity 75370K, committed 75432K, reserved 1114112K
  class space    used 9760K, capacity 10414K, committed 10416K, reserved 1048576K
Event: 26.877 GC heap after
Heap after GC invocations=16 (full 3):
 PSYoungGen      total 267776K, used 10521K [0x00000000d5580000, 0x00000000ea080000, 0x0000000100000000)
  eden space 245248K, 0% used [0x00000000d5580000,0x00000000d5580000,0x00000000e4500000)
  from space 22528K, 46% used [0x00000000e4500000,0x00000000e4f464a0,0x00000000e5b00000)
  to   space 21504K, 0% used [0x00000000e8b80000,0x00000000e8b80000,0x00000000ea080000)
 ParOldGen       total 107520K, used 46648K [0x0000000080000000, 0x0000000086900000, 0x00000000d5580000)
  object space 107520K, 43% used [0x0000000080000000,0x0000000082d8e060,0x0000000086900000)
 Metaspace       used 71825K, capacity 75370K, committed 75432K, reserved 1114112K
  class space    used 9760K, capacity 10414K, committed 10416K, reserved 1048576K
}
Event: 29.344 GC heap before
{Heap before GC invocations=17 (full 3):
 PSYoungGen      total 267776K, used 255769K [0x00000000d5580000, 0x00000000ea080000, 0x0000000100000000)
  eden space 245248K, 100% used [0x00000000d5580000,0x00000000e4500000,0x00000000e4500000)
  from space 22528K, 46% used [0x00000000e4500000,0x00000000e4f464a0,0x00000000e5b00000)
  to   space 21504K, 0% used [0x00000000e8b80000,0x00000000e8b80000,0x00000000ea080000)
 ParOldGen       total 107520K, used 46648K [0x0000000080000000, 0x0000000086900000, 0x00000000d5580000)
  object space 107520K, 43% used [0x0000000080000000,0x0000000082d8e1d8,0x0000000086900000)
 Metaspace       used 74712K, capacity 78630K, committed 78760K, reserved 1118208K
  class space    used 10106K, capacity 10814K, committed 10928K, reserved 1048576K
Event: 29.367 GC heap after
Heap after GC invocations=17 (full 3):
 PSYoungGen      total 315904K, used 17866K [0x00000000d5580000, 0x00000000ea980000, 0x0000000100000000)
  eden space 294400K, 0% used [0x00000000d5580000,0x00000000d5580000,0x00000000e7500000)
  from space 21504K, 83% used [0x00000000e8b80000,0x00000000e9cf28f0,0x00000000ea080000)
  to   space 23040K, 0% used [0x00000000e7500000,0x00000000e7500000,0x00000000e8b80000)
 ParOldGen       total 107520K, used 46656K [0x0000000080000000, 0x0000000086900000, 0x00000000d5580000)
  object space 107520K, 43% used [0x0000000080000000,0x0000000082d901d8,0x0000000086900000)
 Metaspace       used 74712K, capacity 78630K, committed 78760K, reserved 1118208K
  class space    used 10106K, capacity 10814K, committed 10928K, reserved 1048576K
}
Event: 29.523 GC heap before
{Heap before GC invocations=18 (full 3):
 PSYoungGen      total 315904K, used 57653K [0x00000000d5580000, 0x00000000ea980000, 0x0000000100000000)
  eden space 294400K, 13% used [0x00000000d5580000,0x00000000d7c5ac30,0x00000000e7500000)
  from space 21504K, 83% used [0x00000000e8b80000,0x00000000e9cf28f0,0x00000000ea080000)
  to   space 23040K, 0% used [0x00000000e7500000,0x00000000e7500000,0x00000000e8b80000)
 ParOldGen       total 107520K, used 46656K [0x0000000080000000, 0x0000000086900000, 0x00000000d5580000)
  object space 107520K, 43% used [0x0000000080000000,0x0000000082d901d8,0x0000000086900000)
 Metaspace       used 75418K, capacity 79416K, committed 79528K, reserved 1118208K
  class space    used 10201K, capacity 10907K, committed 10928K, reserved 1048576K

